{"name":"hexo","hostname":"zqguo-lambda","pid":4899,"level":20,"msg":"Hexo version: \u001b[35m3.2.2\u001b[39m","time":"2016-10-18T10:39:42.355Z","v":0}
{"name":"hexo","hostname":"zqguo-lambda","pid":4899,"level":20,"msg":"Working directory: \u001b[35m~/Documents/blog/\u001b[39m","time":"2016-10-18T10:39:42.358Z","v":0}
{"name":"hexo","hostname":"zqguo-lambda","pid":4899,"level":20,"msg":"Config loaded: \u001b[35m~/Documents/blog/_config.yml\u001b[39m","time":"2016-10-18T10:39:42.425Z","v":0}
{"name":"hexo","hostname":"zqguo-lambda","pid":4899,"level":20,"msg":"Plugin loaded: \u001b[35mhexo-deployer-git\u001b[39m","time":"2016-10-18T10:39:42.530Z","v":0}
{"name":"hexo","hostname":"zqguo-lambda","pid":4899,"level":20,"msg":"Plugin loaded: \u001b[35mhexo-generator-archive\u001b[39m","time":"2016-10-18T10:39:42.531Z","v":0}
{"name":"hexo","hostname":"zqguo-lambda","pid":4899,"level":20,"msg":"Plugin loaded: \u001b[35mhexo-generator-category\u001b[39m","time":"2016-10-18T10:39:42.533Z","v":0}
{"name":"hexo","hostname":"zqguo-lambda","pid":4899,"level":20,"msg":"Plugin loaded: \u001b[35mhexo-generator-index\u001b[39m","time":"2016-10-18T10:39:42.534Z","v":0}
{"name":"hexo","hostname":"zqguo-lambda","pid":4899,"level":30,"msg":"[hexo-inject] installing hotfix for hexojs/hexo#1791","time":"2016-10-18T10:39:42.661Z","v":0}
{"name":"hexo","hostname":"zqguo-lambda","pid":4899,"level":20,"msg":"Plugin loaded: \u001b[35mhexo-inject\u001b[39m","time":"2016-10-18T10:39:42.663Z","v":0}
{"name":"hexo","hostname":"zqguo-lambda","pid":4899,"level":20,"msg":"Plugin loaded: \u001b[35mhexo-generator-tag\u001b[39m","time":"2016-10-18T10:39:42.665Z","v":0}
{"name":"hexo","hostname":"zqguo-lambda","pid":4899,"level":20,"msg":"Plugin loaded: \u001b[35mhexo-renderer-marked\u001b[39m","time":"2016-10-18T10:39:42.728Z","v":0}
{"name":"hexo","hostname":"zqguo-lambda","pid":4899,"level":20,"msg":"Plugin loaded: \u001b[35mhexo-renderer-ejs\u001b[39m","time":"2016-10-18T10:39:42.730Z","v":0}
{"name":"hexo","hostname":"zqguo-lambda","pid":4899,"level":30,"msg":"[hexo-math] Using engine 'mathjax'","time":"2016-10-18T10:39:42.756Z","v":0}
{"name":"hexo","hostname":"zqguo-lambda","pid":4899,"level":20,"msg":"Plugin loaded: \u001b[35mhexo-math\u001b[39m","time":"2016-10-18T10:39:42.757Z","v":0}
{"name":"hexo","hostname":"zqguo-lambda","pid":4899,"level":20,"msg":"Plugin loaded: \u001b[35mhexo-renderer-stylus\u001b[39m","time":"2016-10-18T10:39:42.758Z","v":0}
{"name":"hexo","hostname":"zqguo-lambda","pid":4899,"level":20,"msg":"Plugin loaded: \u001b[35mhexo-server\u001b[39m","time":"2016-10-18T10:39:42.831Z","v":0}
{"name":"hexo","hostname":"zqguo-lambda","pid":4899,"level":20,"msg":"[hexo-inject] firing inject_ready","time":"2016-10-18T10:39:42.832Z","v":0}
{"name":"hexo","hostname":"zqguo-lambda","pid":4899,"level":20,"msg":"Loading database.","time":"2016-10-18T10:39:42.835Z","v":0}
{"name":"hexo","hostname":"zqguo-lambda","pid":4899,"level":20,"msg":"[hexo-inject] SKIP: undefined","time":"2016-10-18T10:39:42.842Z","v":0}
{"name":"hexo","hostname":"zqguo-lambda","pid":4899,"level":20,"err":{"message":"Incomplete document","name":"Error","stack":"Error: Incomplete document\n    at Inject._transform (/home/zqguo/Documents/blog/node_modules/hexo-inject/lib/mixin/transform.js:29:34)\n    at Hexo.tryCatcher (/home/zqguo/Documents/blog/node_modules/hexo/node_modules/bluebird/js/release/util.js:16:23)\n    at Hexo.<anonymous> (/home/zqguo/Documents/blog/node_modules/hexo/node_modules/bluebird/js/release/method.js:15:34)\n    at /home/zqguo/Documents/blog/node_modules/hexo/lib/extend/filter.js:68:35\n    at tryCatcher (/home/zqguo/Documents/blog/node_modules/hexo/node_modules/bluebird/js/release/util.js:16:23)\n    at Object.gotValue (/home/zqguo/Documents/blog/node_modules/hexo/node_modules/bluebird/js/release/reduce.js:155:18)\n    at Object.gotAccum (/home/zqguo/Documents/blog/node_modules/hexo/node_modules/bluebird/js/release/reduce.js:144:25)\n    at Object.tryCatcher (/home/zqguo/Documents/blog/node_modules/hexo/node_modules/bluebird/js/release/util.js:16:23)\n    at Promise._settlePromiseFromHandler (/home/zqguo/Documents/blog/node_modules/hexo/node_modules/bluebird/js/release/promise.js:510:31)\n    at Promise._settlePromise (/home/zqguo/Documents/blog/node_modules/hexo/node_modules/bluebird/js/release/promise.js:567:18)\n    at Promise._settlePromiseCtx (/home/zqguo/Documents/blog/node_modules/hexo/node_modules/bluebird/js/release/promise.js:604:10)\n    at Async._drainQueue (/home/zqguo/Documents/blog/node_modules/hexo/node_modules/bluebird/js/release/async.js:143:12)\n    at Async._drainQueues (/home/zqguo/Documents/blog/node_modules/hexo/node_modules/bluebird/js/release/async.js:148:10)\n    at Immediate.Async.drainQueues (/home/zqguo/Documents/blog/node_modules/hexo/node_modules/bluebird/js/release/async.js:17:14)\n    at runCallback (timers.js:637:20)\n    at tryOnImmediate (timers.js:610:5)\n    at processImmediate [as _immediateCallback] (timers.js:582:5)"},"msg":"Incomplete document","time":"2016-10-18T10:39:42.842Z","v":0}
{"name":"hexo","hostname":"zqguo-lambda","pid":4899,"level":30,"msg":"Start processing","time":"2016-10-18T10:39:42.882Z","v":0}
{"name":"hexo","hostname":"zqguo-lambda","pid":4899,"level":20,"msg":"Processed: \u001b[35m_posts/Hello-World.md\u001b[39m","time":"2016-10-18T10:39:42.895Z","v":0}
{"name":"hexo","hostname":"zqguo-lambda","pid":4899,"level":20,"msg":"Processed: \u001b[35mabout/index.md\u001b[39m","time":"2016-10-18T10:39:42.895Z","v":0}
{"name":"hexo","hostname":"zqguo-lambda","pid":4899,"level":20,"msg":"Processed: \u001b[35mnotes/index.md\u001b[39m","time":"2016-10-18T10:39:42.898Z","v":0}
{"name":"hexo","hostname":"zqguo-lambda","pid":4899,"level":20,"msg":"Processed: \u001b[35mnotes/mit6-008/index.md\u001b[39m","time":"2016-10-18T10:39:42.900Z","v":0}
{"name":"hexo","hostname":"zqguo-lambda","pid":4899,"level":20,"msg":"Generator: \u001b[35mpage\u001b[39m","time":"2016-10-18T10:39:42.909Z","v":0}
{"name":"hexo","hostname":"zqguo-lambda","pid":4899,"level":20,"msg":"Generator: \u001b[35mpost\u001b[39m","time":"2016-10-18T10:39:42.909Z","v":0}
{"name":"hexo","hostname":"zqguo-lambda","pid":4899,"level":20,"msg":"Generator: \u001b[35marchive\u001b[39m","time":"2016-10-18T10:39:42.909Z","v":0}
{"name":"hexo","hostname":"zqguo-lambda","pid":4899,"level":20,"msg":"Generator: \u001b[35mcategory\u001b[39m","time":"2016-10-18T10:39:42.909Z","v":0}
{"name":"hexo","hostname":"zqguo-lambda","pid":4899,"level":20,"msg":"Generator: \u001b[35mindex\u001b[39m","time":"2016-10-18T10:39:42.909Z","v":0}
{"name":"hexo","hostname":"zqguo-lambda","pid":4899,"level":20,"msg":"Generator: \u001b[35minject\u001b[39m","time":"2016-10-18T10:39:42.910Z","v":0}
{"name":"hexo","hostname":"zqguo-lambda","pid":4899,"level":20,"msg":"Generator: \u001b[35mtag\u001b[39m","time":"2016-10-18T10:39:42.910Z","v":0}
{"name":"hexo","hostname":"zqguo-lambda","pid":4899,"level":20,"msg":"Generator: \u001b[35masset\u001b[39m","time":"2016-10-18T10:39:42.910Z","v":0}
{"name":"hexo","hostname":"zqguo-lambda","pid":4899,"level":30,"msg":"Files loaded in \u001b[36m77 ms\u001b[39m","time":"2016-10-18T10:39:42.913Z","v":0}
{"name":"hexo","hostname":"zqguo-lambda","pid":4899,"level":40,"msg":"No layout: \u001b[35mabout/index.html\u001b[39m","time":"2016-10-18T10:39:42.915Z","v":0}
{"name":"hexo","hostname":"zqguo-lambda","pid":4899,"level":40,"msg":"No layout: \u001b[35mnotes/index.html\u001b[39m","time":"2016-10-18T10:39:42.915Z","v":0}
{"name":"hexo","hostname":"zqguo-lambda","pid":4899,"level":40,"msg":"No layout: \u001b[35mnotes/mit6-008/index.html\u001b[39m","time":"2016-10-18T10:39:42.915Z","v":0}
{"name":"hexo","hostname":"zqguo-lambda","pid":4899,"level":40,"msg":"No layout: \u001b[35m2016/09/22/Hello-World/index.html\u001b[39m","time":"2016-10-18T10:39:42.915Z","v":0}
{"name":"hexo","hostname":"zqguo-lambda","pid":4899,"level":40,"msg":"No layout: \u001b[35marchives/index.html\u001b[39m","time":"2016-10-18T10:39:42.916Z","v":0}
{"name":"hexo","hostname":"zqguo-lambda","pid":4899,"level":40,"msg":"No layout: \u001b[35marchives/2016/index.html\u001b[39m","time":"2016-10-18T10:39:42.916Z","v":0}
{"name":"hexo","hostname":"zqguo-lambda","pid":4899,"level":40,"msg":"No layout: \u001b[35marchives/2016/09/index.html\u001b[39m","time":"2016-10-18T10:39:42.917Z","v":0}
{"name":"hexo","hostname":"zqguo-lambda","pid":4899,"level":40,"msg":"No layout: \u001b[35mindex.html\u001b[39m","time":"2016-10-18T10:39:42.917Z","v":0}
{"name":"hexo","hostname":"zqguo-lambda","pid":4899,"level":30,"msg":"0 files generated in \u001b[36m4.85 ms\u001b[39m","time":"2016-10-18T10:39:42.918Z","v":0}
{"name":"hexo","hostname":"zqguo-lambda","pid":4899,"level":20,"msg":"Database saved","time":"2016-10-18T10:39:42.921Z","v":0}
